mode: set
shellbox/internal/infra/bastion.go:102.16,104.3 1 0
shellbox/internal/infra/bastion.go:105.2,106.16 2 0
shellbox/internal/infra/bastion.go:106.16,108.3 1 0
shellbox/internal/infra/bastion.go:109.2,109.28 1 0
shellbox/internal/infra/bastion.go:112.153,166.16 3 0
shellbox/internal/infra/bastion.go:166.16,168.3 1 0
shellbox/internal/infra/bastion.go:170.2,171.16 2 0
shellbox/internal/infra/bastion.go:171.16,173.3 1 0
shellbox/internal/infra/bastion.go:175.2,175.58 1 0
shellbox/internal/infra/bastion.go:175.58,177.3 1 0
shellbox/internal/infra/bastion.go:179.2,179.32 1 0
shellbox/internal/infra/bastion.go:185.92,187.61 2 0
shellbox/internal/infra/bastion.go:187.61,189.3 1 0
shellbox/internal/infra/bastion.go:196.121,201.89 3 0
shellbox/internal/infra/bastion.go:201.89,203.3 1 0
shellbox/internal/infra/bastion.go:204.2,208.113 3 0
shellbox/internal/infra/bastion.go:208.113,210.3 1 0
shellbox/internal/infra/bastion.go:212.2,212.12 1 0
shellbox/internal/infra/bastion.go:215.124,217.61 2 0
shellbox/internal/infra/bastion.go:217.61,219.3 1 0
shellbox/internal/infra/bastion.go:222.53,225.2 1 0
shellbox/internal/infra/bastion.go:227.92,232.61 4 0
shellbox/internal/infra/bastion.go:232.61,242.17 2 0
shellbox/internal/infra/bastion.go:242.17,244.58 1 0
shellbox/internal/infra/bastion.go:244.58,246.5 1 0
shellbox/internal/infra/bastion.go:247.4,247.58 1 0
shellbox/internal/infra/bastion.go:249.3,249.13 1 0
shellbox/internal/infra/bastion.go:254.89,259.47 2 0
shellbox/internal/infra/bastion.go:259.47,262.3 2 0
shellbox/internal/infra/bastion.go:264.2,265.16 2 0
shellbox/internal/infra/bastion.go:265.16,268.3 2 0
shellbox/internal/infra/bastion.go:270.2,271.16 2 0
shellbox/internal/infra/bastion.go:271.16,274.3 2 0
shellbox/internal/infra/bastion.go:276.2,277.16 2 0
shellbox/internal/infra/bastion.go:277.16,280.3 2 0
shellbox/internal/infra/bastion.go:282.2,283.16 2 0
shellbox/internal/infra/bastion.go:283.16,286.3 2 0
shellbox/internal/infra/bastion.go:288.2,288.78 1 0
shellbox/internal/infra/bastion.go:288.78,291.3 2 0
shellbox/internal/infra/bastion.go:292.2,292.86 1 0
shellbox/internal/infra/bastion.go:292.86,295.3 2 0
shellbox/internal/infra/bastion.go:297.101,300.3 2 0
shellbox/internal/infra/bastion.go:297.2,297.101 1 0
shellbox/internal/infra/bastion.go:302.119,305.3 2 0
shellbox/internal/infra/bastion.go:302.2,302.119 1 0
shellbox/internal/infra/bastion.go:307.2,307.39 1 0
shellbox/internal/infra/bastion.go:38.50,43.2 2 0
shellbox/internal/infra/bastion.go:38.50,43.2 2 1
shellbox/internal/infra/bastion.go:46.39,51.2 1 0
shellbox/internal/infra/bastion.go:46.39,51.2 1 1
shellbox/internal/infra/bastion.go:53.35,54.95 1 0
shellbox/internal/infra/bastion.go:54.95,56.3 1 0
shellbox/internal/infra/bastion.go:57.2,57.12 1 0
shellbox/internal/infra/bastion.go:60.109,71.16 3 0
shellbox/internal/infra/bastion.go:71.16,73.3 1 0
shellbox/internal/infra/bastion.go:74.2,75.16 2 0
shellbox/internal/infra/bastion.go:75.16,77.3 1 0
shellbox/internal/infra/bastion.go:78.2,78.34 1 0
shellbox/internal/infra/bastion.go:81.118,102.16 3 0
shellbox/internal/infra/clients.go:100.3,102.17 3 0
shellbox/internal/infra/clients.go:100.3,102.17 3 1
shellbox/internal/infra/clients.go:102.17,104.4 1 0
shellbox/internal/infra/clients.go:105.27,107.4 1 0
shellbox/internal/infra/clients.go:105.3,105.27 1 0
shellbox/internal/infra/clients.go:105.3,105.27 1 1
shellbox/internal/infra/clients.go:108.3,109.13 2 0
shellbox/internal/infra/clients.go:108.3,109.13 2 1
shellbox/internal/infra/clients.go:111.2,112.23 2 0
shellbox/internal/infra/clients.go:111.2,112.23 2 1
shellbox/internal/infra/clients.go:116.58,118.16 2 0
shellbox/internal/infra/clients.go:116.58,118.16 2 1
shellbox/internal/infra/clients.go:118.16,120.3 1 0
shellbox/internal/infra/clients.go:118.16,120.3 1 1
shellbox/internal/infra/clients.go:122.2,126.54 2 0
shellbox/internal/infra/clients.go:126.54,128.3 1 0
shellbox/internal/infra/clients.go:130.2,131.12 2 0
shellbox/internal/infra/clients.go:135.69,139.18 3 0
shellbox/internal/infra/clients.go:135.69,139.18 3 1
shellbox/internal/infra/clients.go:139.18,142.3 2 0
shellbox/internal/infra/clients.go:142.8,146.3 2 0
shellbox/internal/infra/clients.go:142.8,146.3 2 1
shellbox/internal/infra/clients.go:148.2,169.16 10 0
shellbox/internal/infra/clients.go:148.2,169.16 10 1
shellbox/internal/infra/clients.go:23.46,24.16 1 0
shellbox/internal/infra/clients.go:23.46,24.16 1 1
shellbox/internal/infra/clients.go:24.16,27.3 2 0
shellbox/internal/infra/clients.go:30.48,68.2 25 0
shellbox/internal/infra/clients.go:30.48,68.2 25 1
shellbox/internal/infra/clients.go:70.47,72.48 1 0
shellbox/internal/infra/clients.go:70.47,72.48 1 1
shellbox/internal/infra/clients.go:72.48,73.57 1 0
shellbox/internal/infra/clients.go:72.48,73.57 1 1
shellbox/internal/infra/clients.go:73.57,76.4 2 0
shellbox/internal/infra/clients.go:73.57,76.4 2 1
shellbox/internal/infra/clients.go:80.2,80.48 1 0
shellbox/internal/infra/clients.go:80.2,80.48 1 1
shellbox/internal/infra/clients.go:80.48,83.3 2 0
shellbox/internal/infra/clients.go:85.2,86.16 2 0
shellbox/internal/infra/clients.go:85.2,86.16 2 1
shellbox/internal/infra/clients.go:86.16,89.3 2 0
shellbox/internal/infra/clients.go:90.2,90.30 1 0
shellbox/internal/infra/clients.go:90.2,90.30 1 1
shellbox/internal/infra/clients.go:93.85,95.61 2 0
shellbox/internal/infra/clients.go:93.85,95.61 2 1
shellbox/internal/infra/clients.go:95.61,97.17 2 0
shellbox/internal/infra/clients.go:95.61,97.17 2 1
shellbox/internal/infra/clients.go:97.17,99.4 1 0
shellbox/internal/infra/constants.go:145.193,159.2 1 1
shellbox/internal/infra/constants.go:170.41,184.2 2 1
shellbox/internal/infra/constants.go:186.62,188.29 2 1
shellbox/internal/infra/constants.go:188.29,195.3 1 1
shellbox/internal/infra/constants.go:196.2,196.15 1 1
shellbox/internal/infra/constants.go:199.56,205.2 4 0
shellbox/internal/infra/constants.go:199.56,205.2 4 1
shellbox/internal/infra/golden_snapshot.go:142.124,144.72 1 0
shellbox/internal/infra/golden_snapshot.go:144.72,146.3 1 0
shellbox/internal/infra/golden_snapshot.go:149.2,150.16 2 0
shellbox/internal/infra/golden_snapshot.go:150.16,152.3 1 0
shellbox/internal/infra/golden_snapshot.go:155.2,157.16 3 0
shellbox/internal/infra/golden_snapshot.go:157.16,166.3 2 0
shellbox/internal/infra/golden_snapshot.go:168.2,175.16 5 0
shellbox/internal/infra/golden_snapshot.go:175.16,177.3 1 0
shellbox/internal/infra/golden_snapshot.go:180.2,181.64 2 0
shellbox/internal/infra/golden_snapshot.go:181.64,183.110 1 0
shellbox/internal/infra/golden_snapshot.go:183.110,185.4 1 0
shellbox/internal/infra/golden_snapshot.go:186.3,186.67 1 0
shellbox/internal/infra/golden_snapshot.go:190.2,192.16 3 0
shellbox/internal/infra/golden_snapshot.go:192.16,194.110 1 0
shellbox/internal/infra/golden_snapshot.go:194.110,196.4 1 0
shellbox/internal/infra/golden_snapshot.go:197.3,197.63 1 0
shellbox/internal/infra/golden_snapshot.go:201.2,202.95 2 0
shellbox/internal/infra/golden_snapshot.go:202.95,205.3 1 0
shellbox/internal/infra/golden_snapshot.go:207.2,208.26 2 0
shellbox/internal/infra/golden_snapshot.go:223.130,249.16 6 0
shellbox/internal/infra/golden_snapshot.go:249.16,251.3 1 0
shellbox/internal/infra/golden_snapshot.go:253.2,254.16 2 0
shellbox/internal/infra/golden_snapshot.go:254.16,256.3 1 0
shellbox/internal/infra/golden_snapshot.go:258.2,272.16 6 0
shellbox/internal/infra/golden_snapshot.go:272.16,274.3 1 0
shellbox/internal/infra/golden_snapshot.go:277.2,278.16 2 0
shellbox/internal/infra/golden_snapshot.go:278.16,280.3 1 0
shellbox/internal/infra/golden_snapshot.go:283.2,284.16 2 0
shellbox/internal/infra/golden_snapshot.go:284.16,286.3 1 0
shellbox/internal/infra/golden_snapshot.go:289.2,290.16 2 0
shellbox/internal/infra/golden_snapshot.go:290.16,292.3 1 0
shellbox/internal/infra/golden_snapshot.go:294.2,301.8 1 0
shellbox/internal/infra/golden_snapshot.go:30.70,32.26 2 0
shellbox/internal/infra/golden_snapshot.go:305.89,310.61 3 0
shellbox/internal/infra/golden_snapshot.go:310.61,320.54 2 0
shellbox/internal/infra/golden_snapshot.go:32.26,46.3 1 0
shellbox/internal/infra/golden_snapshot.go:320.54,322.4 1 0
shellbox/internal/infra/golden_snapshot.go:325.3,328.21 4 0
shellbox/internal/infra/golden_snapshot.go:328.21,332.26 3 0
shellbox/internal/infra/golden_snapshot.go:332.26,334.5 1 0
shellbox/internal/infra/golden_snapshot.go:337.3,338.13 2 0
shellbox/internal/infra/golden_snapshot.go:343.160,361.16 3 0
shellbox/internal/infra/golden_snapshot.go:361.16,363.3 1 0
shellbox/internal/infra/golden_snapshot.go:365.2,366.16 2 0
shellbox/internal/infra/golden_snapshot.go:366.16,368.3 1 0
shellbox/internal/infra/golden_snapshot.go:370.2,377.8 1 0
shellbox/internal/infra/golden_snapshot.go:381.177,384.16 2 0
shellbox/internal/infra/golden_snapshot.go:384.16,386.3 1 0
shellbox/internal/infra/golden_snapshot.go:388.2,452.16 3 0
shellbox/internal/infra/golden_snapshot.go:452.16,454.3 1 0
shellbox/internal/infra/golden_snapshot.go:456.2,457.16 2 0
shellbox/internal/infra/golden_snapshot.go:457.16,459.3 1 0
shellbox/internal/infra/golden_snapshot.go:461.2,461.36 1 0
shellbox/internal/infra/golden_snapshot.go:465.53,468.16 2 0
shellbox/internal/infra/golden_snapshot.go:468.16,470.3 1 0
shellbox/internal/infra/golden_snapshot.go:473.2,481.16 3 0
shellbox/internal/infra/golden_snapshot.go:48.2,49.42 2 0
shellbox/internal/infra/golden_snapshot.go:481.16,483.3 1 0
shellbox/internal/infra/golden_snapshot.go:486.2,486.27 1 0
shellbox/internal/infra/golden_snapshot.go:49.42,54.3 1 0
shellbox/internal/infra/golden_snapshot.go:490.50,493.2 2 0
shellbox/internal/infra/golden_snapshot.go:496.53,499.42 2 0
shellbox/internal/infra/golden_snapshot.go:496.53,499.42 2 1
shellbox/internal/infra/golden_snapshot.go:499.42,501.3 1 0
shellbox/internal/infra/golden_snapshot.go:499.42,501.3 1 1
shellbox/internal/infra/golden_snapshot.go:502.2,502.26 1 0
shellbox/internal/infra/golden_snapshot.go:506.90,511.16 3 0
shellbox/internal/infra/golden_snapshot.go:511.16,514.3 2 0
shellbox/internal/infra/golden_snapshot.go:517.2,526.16 3 0
shellbox/internal/infra/golden_snapshot.go:526.16,528.3 1 0
shellbox/internal/infra/golden_snapshot.go:530.2,531.12 2 0
shellbox/internal/infra/golden_snapshot.go:536.51,546.16 3 0
shellbox/internal/infra/golden_snapshot.go:546.16,548.3 1 0
shellbox/internal/infra/golden_snapshot.go:551.2,555.49 4 0
shellbox/internal/infra/golden_snapshot.go:56.2,125.63 2 0
shellbox/internal/infra/instances.go:173.16,175.3 1 0
shellbox/internal/infra/instances.go:177.2,178.16 2 0
shellbox/internal/infra/instances.go:177.2,178.16 2 1
shellbox/internal/infra/instances.go:178.16,180.3 1 0
shellbox/internal/infra/instances.go:182.2,182.32 1 0
shellbox/internal/infra/instances.go:182.2,182.32 1 1
shellbox/internal/infra/instances.go:185.130,211.16 4 0
shellbox/internal/infra/instances.go:185.130,211.16 4 1
shellbox/internal/infra/instances.go:211.16,213.3 1 0
shellbox/internal/infra/instances.go:215.2,216.16 2 0
shellbox/internal/infra/instances.go:215.2,216.16 2 1
shellbox/internal/infra/instances.go:216.16,218.3 1 0
shellbox/internal/infra/instances.go:220.2,220.31 1 0
shellbox/internal/infra/instances.go:220.2,220.31 1 1
shellbox/internal/infra/instances.go:223.169,285.16 6 0
shellbox/internal/infra/instances.go:223.169,285.16 6 1
shellbox/internal/infra/instances.go:285.16,287.3 1 0
shellbox/internal/infra/instances.go:289.2,290.16 2 0
shellbox/internal/infra/instances.go:289.2,290.16 2 1
shellbox/internal/infra/instances.go:290.16,292.3 1 0
shellbox/internal/infra/instances.go:294.2,294.36 1 0
shellbox/internal/infra/instances.go:294.2,294.36 1 1
shellbox/internal/infra/instances.go:299.83,305.16 3 0
shellbox/internal/infra/instances.go:305.16,307.3 1 0
shellbox/internal/infra/instances.go:309.2,310.16 2 0
shellbox/internal/infra/instances.go:31.99,40.16 7 0
shellbox/internal/infra/instances.go:31.99,40.16 7 1
shellbox/internal/infra/instances.go:310.16,312.3 1 0
shellbox/internal/infra/instances.go:313.2,313.12 1 0
shellbox/internal/infra/instances.go:318.105,326.19 4 0
shellbox/internal/infra/instances.go:326.19,328.17 2 0
shellbox/internal/infra/instances.go:328.17,330.4 1 0
shellbox/internal/infra/instances.go:332.3,332.33 1 0
shellbox/internal/infra/instances.go:332.33,333.90 1 0
shellbox/internal/infra/instances.go:333.90,335.5 1 0
shellbox/internal/infra/instances.go:339.2,339.23 1 0
shellbox/internal/infra/instances.go:355.105,358.16 2 0
shellbox/internal/infra/instances.go:355.105,358.16 2 1
shellbox/internal/infra/instances.go:358.16,360.3 1 0
shellbox/internal/infra/instances.go:363.2,375.12 9 0
shellbox/internal/infra/instances.go:363.2,375.12 9 1
shellbox/internal/infra/instances.go:379.152,382.38 2 0
shellbox/internal/infra/instances.go:379.152,382.38 2 1
shellbox/internal/infra/instances.go:382.38,384.3 1 0
shellbox/internal/infra/instances.go:382.38,384.3 1 1
shellbox/internal/infra/instances.go:387.2,387.27 1 0
shellbox/internal/infra/instances.go:387.2,387.27 1 1
shellbox/internal/infra/instances.go:387.27,389.3 1 0
shellbox/internal/infra/instances.go:392.2,394.13 2 0
shellbox/internal/infra/instances.go:392.2,394.13 2 1
shellbox/internal/infra/instances.go:398.105,400.53 1 0
shellbox/internal/infra/instances.go:398.105,400.53 1 1
shellbox/internal/infra/instances.go:40.16,42.3 1 0
shellbox/internal/infra/instances.go:400.53,402.3 1 0
shellbox/internal/infra/instances.go:400.53,402.3 1 1
shellbox/internal/infra/instances.go:405.100,407.3 1 0
shellbox/internal/infra/instances.go:405.100,407.3 1 1
shellbox/internal/infra/instances.go:405.2,405.100 1 0
shellbox/internal/infra/instances.go:405.2,405.100 1 1
shellbox/internal/infra/instances.go:410.2,410.41 1 0
shellbox/internal/infra/instances.go:410.2,410.41 1 1
shellbox/internal/infra/instances.go:410.41,411.49 1 0
shellbox/internal/infra/instances.go:410.41,411.49 1 1
shellbox/internal/infra/instances.go:411.49,413.4 1 0
shellbox/internal/infra/instances.go:411.49,413.4 1 1
shellbox/internal/infra/instances.go:414.3,414.54 1 0
shellbox/internal/infra/instances.go:414.3,414.54 1 1
shellbox/internal/infra/instances.go:414.54,416.4 1 0
shellbox/internal/infra/instances.go:414.54,416.4 1 1
shellbox/internal/infra/instances.go:421.56,423.21 2 0
shellbox/internal/infra/instances.go:423.21,425.3 1 0
shellbox/internal/infra/instances.go:426.2,426.11 1 0
shellbox/internal/infra/instances.go:430.89,431.27 1 0
shellbox/internal/infra/instances.go:430.89,431.27 1 1
shellbox/internal/infra/instances.go:431.27,433.3 1 0
shellbox/internal/infra/instances.go:435.2,439.27 4 0
shellbox/internal/infra/instances.go:435.2,439.27 4 1
shellbox/internal/infra/instances.go:439.27,441.3 1 0
shellbox/internal/infra/instances.go:442.2,442.29 1 0
shellbox/internal/infra/instances.go:442.2,442.29 1 1
shellbox/internal/infra/instances.go:442.29,444.3 1 0
shellbox/internal/infra/instances.go:448.108,449.15 1 0
shellbox/internal/infra/instances.go:448.108,449.15 1 1
shellbox/internal/infra/instances.go:449.15,451.3 1 0
shellbox/internal/infra/instances.go:45.2,46.16 2 0
shellbox/internal/infra/instances.go:45.2,46.16 2 1
shellbox/internal/infra/instances.go:453.2,455.16 3 0
shellbox/internal/infra/instances.go:453.2,455.16 3 1
shellbox/internal/infra/instances.go:455.16,458.3 2 0
shellbox/internal/infra/instances.go:46.16,48.3 1 0
shellbox/internal/infra/instances.go:460.2,461.16 2 0
shellbox/internal/infra/instances.go:460.2,461.16 2 1
shellbox/internal/infra/instances.go:461.16,463.3 1 0
shellbox/internal/infra/instances.go:463.8,465.3 1 0
shellbox/internal/infra/instances.go:463.8,465.3 1 1
shellbox/internal/infra/instances.go:469.107,470.20 1 0
shellbox/internal/infra/instances.go:469.107,470.20 1 1
shellbox/internal/infra/instances.go:470.20,472.3 1 0
shellbox/internal/infra/instances.go:474.2,476.16 3 0
shellbox/internal/infra/instances.go:474.2,476.16 3 1
shellbox/internal/infra/instances.go:476.16,479.3 2 0
shellbox/internal/infra/instances.go:481.2,482.16 2 0
shellbox/internal/infra/instances.go:481.2,482.16 2 1
shellbox/internal/infra/instances.go:482.16,484.3 1 0
shellbox/internal/infra/instances.go:484.8,486.3 1 0
shellbox/internal/infra/instances.go:484.8,486.3 1 1
shellbox/internal/infra/instances.go:490.102,492.40 2 0
shellbox/internal/infra/instances.go:490.102,492.40 2 1
shellbox/internal/infra/instances.go:492.40,495.3 2 0
shellbox/internal/infra/instances.go:497.2,497.25 1 0
shellbox/internal/infra/instances.go:497.2,497.25 1 1
shellbox/internal/infra/instances.go:497.25,499.3 1 0
shellbox/internal/infra/instances.go:501.2,503.16 3 0
shellbox/internal/infra/instances.go:501.2,503.16 3 1
shellbox/internal/infra/instances.go:503.16,506.3 2 0
shellbox/internal/infra/instances.go:508.2,509.16 2 0
shellbox/internal/infra/instances.go:508.2,509.16 2 1
shellbox/internal/infra/instances.go:509.16,511.3 1 0
shellbox/internal/infra/instances.go:51.2,61.16 4 0
shellbox/internal/infra/instances.go:51.2,61.16 4 1
shellbox/internal/infra/instances.go:511.8,513.3 1 0
shellbox/internal/infra/instances.go:511.8,513.3 1 1
shellbox/internal/infra/instances.go:517.95,518.19 1 0
shellbox/internal/infra/instances.go:517.95,518.19 1 1
shellbox/internal/infra/instances.go:518.19,520.3 1 0
shellbox/internal/infra/instances.go:522.2,524.16 3 0
shellbox/internal/infra/instances.go:522.2,524.16 3 1
shellbox/internal/infra/instances.go:524.16,527.3 2 0
shellbox/internal/infra/instances.go:529.2,530.16 2 0
shellbox/internal/infra/instances.go:529.2,530.16 2 1
shellbox/internal/infra/instances.go:530.16,532.3 1 0
shellbox/internal/infra/instances.go:532.8,534.3 1 0
shellbox/internal/infra/instances.go:532.8,534.3 1 1
shellbox/internal/infra/instances.go:538.104,544.16 4 0
shellbox/internal/infra/instances.go:544.16,546.3 1 0
shellbox/internal/infra/instances.go:549.2,549.20 1 0
shellbox/internal/infra/instances.go:549.20,551.3 1 0
shellbox/internal/infra/instances.go:552.2,557.16 4 0
shellbox/internal/infra/instances.go:557.16,559.3 1 0
shellbox/internal/infra/instances.go:561.2,562.16 2 0
shellbox/internal/infra/instances.go:562.16,564.3 1 0
shellbox/internal/infra/instances.go:566.2,566.12 1 0
shellbox/internal/infra/instances.go:570.106,575.16 4 0
shellbox/internal/infra/instances.go:575.16,577.3 1 0
shellbox/internal/infra/instances.go:579.2,579.47 1 0
shellbox/internal/infra/instances.go:579.47,581.3 1 0
shellbox/internal/infra/instances.go:583.2,584.22 2 0
shellbox/internal/infra/instances.go:584.22,586.3 1 0
shellbox/internal/infra/instances.go:588.2,588.24 1 0
shellbox/internal/infra/instances.go:592.108,599.16 5 0
shellbox/internal/infra/instances.go:592.108,599.16 5 1
shellbox/internal/infra/instances.go:599.16,601.3 1 0
shellbox/internal/infra/instances.go:604.2,605.16 2 0
shellbox/internal/infra/instances.go:604.2,605.16 2 1
shellbox/internal/infra/instances.go:605.16,607.3 1 0
shellbox/internal/infra/instances.go:61.16,63.3 1 0
shellbox/internal/infra/instances.go:610.2,619.51 2 0
shellbox/internal/infra/instances.go:610.2,619.51 2 1
shellbox/internal/infra/instances.go:619.51,621.3 1 0
shellbox/internal/infra/instances.go:622.2,626.16 3 0
shellbox/internal/infra/instances.go:622.2,626.16 3 1
shellbox/internal/infra/instances.go:626.16,628.3 1 0
shellbox/internal/infra/instances.go:630.2,631.16 2 0
shellbox/internal/infra/instances.go:630.2,631.16 2 1
shellbox/internal/infra/instances.go:631.16,633.3 1 0
shellbox/internal/infra/instances.go:635.2,635.12 1 0
shellbox/internal/infra/instances.go:635.2,635.12 1 1
shellbox/internal/infra/instances.go:65.2,65.24 1 0
shellbox/internal/infra/instances.go:65.2,65.24 1 1
shellbox/internal/infra/instances.go:68.119,173.16 4 0
shellbox/internal/infra/instances.go:68.119,173.16 4 1
shellbox/internal/infra/logger.go:11.34,13.3 1 0
shellbox/internal/infra/logger.go:14.2,16.5 1 1
shellbox/internal/infra/logger.go:20.25,22.2 1 1
shellbox/internal/infra/logger.go:9.31,11.34 2 1
shellbox/internal/infra/network.go:122.117,124.70 2 0
shellbox/internal/infra/network.go:122.117,124.70 2 1
shellbox/internal/infra/network.go:124.70,125.23 1 0
shellbox/internal/infra/network.go:124.70,125.23 1 1
shellbox/internal/infra/network.go:126.34,127.40 1 0
shellbox/internal/infra/network.go:126.34,127.40 1 1
shellbox/internal/infra/network.go:128.32,129.38 1 0
shellbox/internal/infra/network.go:128.32,129.38 1 1
shellbox/internal/infra/network.go:133.2,133.66 1 0
shellbox/internal/infra/network.go:133.2,133.66 1 1
shellbox/internal/infra/network.go:133.66,136.3 2 0
shellbox/internal/infra/network.go:140.70,141.17 1 0
shellbox/internal/infra/network.go:140.70,141.17 1 1
shellbox/internal/infra/network.go:141.17,155.3 6 0
shellbox/internal/infra/network.go:141.17,155.3 6 1
shellbox/internal/infra/network.go:155.8,158.3 2 0
shellbox/internal/infra/network.go:161.2,161.28 1 0
shellbox/internal/infra/network.go:161.2,161.28 1 1
shellbox/internal/infra/network.go:164.96,171.12 4 0
shellbox/internal/infra/network.go:164.96,171.12 4 1
shellbox/internal/infra/network.go:171.12,175.3 2 0
shellbox/internal/infra/network.go:171.12,175.3 2 1
shellbox/internal/infra/network.go:178.2,184.11 3 0
shellbox/internal/infra/network.go:178.2,184.11 3 1
shellbox/internal/infra/network.go:53.70,64.2 4 0
shellbox/internal/infra/network.go:53.70,64.2 4 1
shellbox/internal/infra/network.go:66.67,80.2 6 0
shellbox/internal/infra/network.go:66.67,80.2 6 1
shellbox/internal/infra/network.go:82.71,120.2 9 0
shellbox/internal/infra/network.go:82.71,120.2 9 1
shellbox/internal/infra/pool.go:100.61,102.16 2 0
shellbox/internal/infra/pool.go:102.16,105.3 2 0
shellbox/internal/infra/pool.go:107.2,112.49 2 0
shellbox/internal/infra/pool.go:112.49,114.3 1 0
shellbox/internal/infra/pool.go:114.56,116.3 1 0
shellbox/internal/infra/pool.go:114.8,114.56 1 0
shellbox/internal/infra/pool.go:119.59,121.16 2 0
shellbox/internal/infra/pool.go:121.16,124.3 2 0
shellbox/internal/infra/pool.go:126.2,131.47 2 0
shellbox/internal/infra/pool.go:131.47,133.3 1 0
shellbox/internal/infra/pool.go:133.54,135.3 1 0
shellbox/internal/infra/pool.go:133.8,133.54 1 0
shellbox/internal/infra/pool.go:138.74,143.41 4 0
shellbox/internal/infra/pool.go:143.41,145.13 2 0
shellbox/internal/infra/pool.go:145.13,148.18 3 0
shellbox/internal/infra/pool.go:148.18,151.5 2 0
shellbox/internal/infra/pool.go:153.4,165.69 4 0
shellbox/internal/infra/pool.go:165.69,167.5 1 0
shellbox/internal/infra/pool.go:170.4,179.79 2 0
shellbox/internal/infra/pool.go:179.79,181.5 1 0
shellbox/internal/infra/pool.go:184.2,184.11 1 0
shellbox/internal/infra/pool.go:187.76,190.66 2 0
shellbox/internal/infra/pool.go:190.66,195.3 3 0
shellbox/internal/infra/pool.go:196.2,203.16 5 0
shellbox/internal/infra/pool.go:203.16,206.3 2 0
shellbox/internal/infra/pool.go:209.2,210.43 2 0
shellbox/internal/infra/pool.go:210.43,212.30 2 0
shellbox/internal/infra/pool.go:212.30,219.18 6 0
shellbox/internal/infra/pool.go:219.18,222.5 2 0
shellbox/internal/infra/pool.go:224.4,236.69 4 0
shellbox/internal/infra/pool.go:236.69,238.5 1 0
shellbox/internal/infra/pool.go:241.2,246.15 4 0
shellbox/internal/infra/pool.go:249.72,254.39 4 0
shellbox/internal/infra/pool.go:254.39,256.13 2 0
shellbox/internal/infra/pool.go:256.13,274.18 8 0
shellbox/internal/infra/pool.go:274.18,277.5 2 0
shellbox/internal/infra/pool.go:279.4,290.69 3 0
shellbox/internal/infra/pool.go:290.69,292.5 1 0
shellbox/internal/infra/pool.go:295.4,304.79 2 0
shellbox/internal/infra/pool.go:304.79,306.5 1 0
shellbox/internal/infra/pool.go:309.2,309.11 1 0
shellbox/internal/infra/pool.go:31.40,42.2 1 0
shellbox/internal/infra/pool.go:312.74,315.66 2 0
shellbox/internal/infra/pool.go:315.66,320.3 3 0
shellbox/internal/infra/pool.go:321.2,328.16 5 0
shellbox/internal/infra/pool.go:328.16,331.3 2 0
shellbox/internal/infra/pool.go:334.2,335.39 2 0
shellbox/internal/infra/pool.go:335.39,337.29 2 0
shellbox/internal/infra/pool.go:337.29,341.18 3 0
shellbox/internal/infra/pool.go:341.18,344.5 2 0
shellbox/internal/infra/pool.go:346.4,358.69 4 0
shellbox/internal/infra/pool.go:358.69,360.5 1 0
shellbox/internal/infra/pool.go:363.2,368.15 4 0
shellbox/internal/infra/pool.go:45.36,56.2 1 0
shellbox/internal/infra/pool.go:68.128,82.2 2 0
shellbox/internal/infra/pool.go:84.53,88.6 3 0
shellbox/internal/infra/pool.go:88.6,89.10 1 0
shellbox/internal/infra/pool.go:90.21,91.10 1 0
shellbox/internal/infra/pool.go:92.19,95.29 2 0
shellbox/internal/infra/qemu_manager.go:18.57,22.2 1 0
shellbox/internal/infra/qemu_manager.go:25.93,63.90 2 0
shellbox/internal/infra/qemu_manager.go:63.90,65.3 1 0
shellbox/internal/infra/qemu_manager.go:68.2,68.59 1 0
shellbox/internal/infra/qemu_manager.go:68.59,70.3 1 0
shellbox/internal/infra/qemu_manager.go:72.2,73.12 2 0
shellbox/internal/infra/qemu_manager.go:77.79,86.88 2 0
shellbox/internal/infra/qemu_manager.go:86.88,89.3 1 0
shellbox/internal/infra/qemu_manager.go:91.2,92.12 2 0
shellbox/internal/infra/qemu_manager.go:96.85,97.61 1 0
shellbox/internal/infra/qemu_manager.go:97.61,103.3 2 0
shellbox/internal/infra/resource_allocator.go:104.2,104.12 1 0
shellbox/internal/infra/resource_allocator.go:108.117,111.16 2 0
shellbox/internal/infra/resource_allocator.go:111.16,113.3 1 0
shellbox/internal/infra/resource_allocator.go:116.2,116.95 1 0
shellbox/internal/infra/resource_allocator.go:116.95,118.3 1 0
shellbox/internal/infra/resource_allocator.go:120.2,120.24 1 0
shellbox/internal/infra/resource_allocator.go:124.93,125.110 1 0
shellbox/internal/infra/resource_allocator.go:125.110,127.3 1 0
shellbox/internal/infra/resource_allocator.go:131.99,133.106 2 0
shellbox/internal/infra/resource_allocator.go:133.106,135.3 1 0
shellbox/internal/infra/resource_allocator.go:139.103,142.16 2 0
shellbox/internal/infra/resource_allocator.go:142.16,144.3 1 0
shellbox/internal/infra/resource_allocator.go:144.8,146.66 1 0
shellbox/internal/infra/resource_allocator.go:146.66,148.4 1 0
shellbox/internal/infra/resource_allocator.go:152.2,154.94 2 0
shellbox/internal/infra/resource_allocator.go:154.94,156.3 1 0
shellbox/internal/infra/resource_allocator.go:158.2,158.90 1 0
shellbox/internal/infra/resource_allocator.go:158.90,160.3 1 0
shellbox/internal/infra/resource_allocator.go:162.19,164.3 1 0
shellbox/internal/infra/resource_allocator.go:162.2,162.19 1 0
shellbox/internal/infra/resource_allocator.go:166.2,167.12 2 0
shellbox/internal/infra/resource_allocator.go:25.108,31.2 1 0
shellbox/internal/infra/resource_allocator.go:34.120,37.16 2 0
shellbox/internal/infra/resource_allocator.go:37.16,39.3 1 0
shellbox/internal/infra/resource_allocator.go:42.2,42.68 1 0
shellbox/internal/infra/resource_allocator.go:42.68,44.3 1 0
shellbox/internal/infra/resource_allocator.go:47.2,48.16 2 0
shellbox/internal/infra/resource_allocator.go:48.16,51.3 2 0
shellbox/internal/infra/resource_allocator.go:53.2,59.8 2 0
shellbox/internal/infra/resource_allocator.go:63.110,66.16 2 0
shellbox/internal/infra/resource_allocator.go:66.16,68.3 1 0
shellbox/internal/infra/resource_allocator.go:69.2,69.29 1 0
shellbox/internal/infra/resource_allocator.go:69.29,71.3 1 0
shellbox/internal/infra/resource_allocator.go:74.2,75.16 2 0
shellbox/internal/infra/resource_allocator.go:75.16,77.3 1 0
shellbox/internal/infra/resource_allocator.go:78.2,78.27 1 0
shellbox/internal/infra/resource_allocator.go:78.27,80.3 1 0
shellbox/internal/infra/resource_allocator.go:82.2,82.46 1 0
shellbox/internal/infra/resource_allocator.go:86.106,88.108 1 0
shellbox/internal/infra/resource_allocator.go:88.108,90.3 1 0
shellbox/internal/infra/resource_allocator.go:93.103,96.3 2 0
shellbox/internal/infra/resource_allocator.go:93.2,93.103 1 0
shellbox/internal/infra/resource_allocator.go:99.104,102.3 2 0
shellbox/internal/infra/resource_allocator.go:99.2,99.104 1 0
shellbox/internal/infra/resource_graph_queries.go:110.114,120.2 2 0
shellbox/internal/infra/resource_graph_queries.go:123.112,133.2 2 0
shellbox/internal/infra/resource_graph_queries.go:136.112,147.2 2 0
shellbox/internal/infra/resource_graph_queries.go:150.110,161.2 2 0
shellbox/internal/infra/resource_graph_queries.go:164.94,172.2 2 0
shellbox/internal/infra/resource_graph_queries.go:175.92,183.2 2 0
shellbox/internal/infra/resource_graph_queries.go:186.111,195.16 3 0
shellbox/internal/infra/resource_graph_queries.go:195.16,197.3 1 0
shellbox/internal/infra/resource_graph_queries.go:199.2,202.24 2 0
shellbox/internal/infra/resource_graph_queries.go:202.24,203.55 1 0
shellbox/internal/infra/resource_graph_queries.go:203.55,204.35 1 0
shellbox/internal/infra/resource_graph_queries.go:204.35,205.61 1 0
shellbox/internal/infra/resource_graph_queries.go:205.61,206.108 1 0
shellbox/internal/infra/resource_graph_queries.go:206.108,208.57 2 0
shellbox/internal/infra/resource_graph_queries.go:208.57,210.22 2 0
shellbox/internal/infra/resource_graph_queries.go:211.32,212.28 1 0
shellbox/internal/infra/resource_graph_queries.go:213.37,214.33 1 0
shellbox/internal/infra/resource_graph_queries.go:215.36,216.32 1 0
shellbox/internal/infra/resource_graph_queries.go:218.8,218.29 1 0
shellbox/internal/infra/resource_graph_queries.go:226.2,232.20 2 0
shellbox/internal/infra/resource_graph_queries.go:236.113,245.16 3 0
shellbox/internal/infra/resource_graph_queries.go:245.16,247.3 1 0
shellbox/internal/infra/resource_graph_queries.go:249.2,252.24 2 0
shellbox/internal/infra/resource_graph_queries.go:252.24,253.55 1 0
shellbox/internal/infra/resource_graph_queries.go:253.55,254.35 1 0
shellbox/internal/infra/resource_graph_queries.go:254.35,255.61 1 0
shellbox/internal/infra/resource_graph_queries.go:255.61,257.25 2 0
shellbox/internal/infra/resource_graph_queries.go:257.25,259.7 1 0
shellbox/internal/infra/resource_graph_queries.go:265.2,266.23 2 0
shellbox/internal/infra/resource_graph_queries.go:270.74,278.2 5 0
shellbox/internal/infra/resource_graph_queries.go:281.83,282.50 1 0
shellbox/internal/infra/resource_graph_queries.go:282.50,284.3 1 0
shellbox/internal/infra/resource_graph_queries.go:285.2,285.46 1 0
shellbox/internal/infra/resource_graph_queries.go:285.46,287.3 1 0
shellbox/internal/infra/resource_graph_queries.go:288.2,288.58 1 0
shellbox/internal/infra/resource_graph_queries.go:288.58,290.3 1 0
shellbox/internal/infra/resource_graph_queries.go:294.76,296.9 2 0
shellbox/internal/infra/resource_graph_queries.go:296.9,298.3 1 0
shellbox/internal/infra/resource_graph_queries.go:300.2,301.9 2 0
shellbox/internal/infra/resource_graph_queries.go:301.9,303.3 1 0
shellbox/internal/infra/resource_graph_queries.go:305.2,306.28 2 0
shellbox/internal/infra/resource_graph_queries.go:306.28,307.33 1 0
shellbox/internal/infra/resource_graph_queries.go:307.33,309.4 1 0
shellbox/internal/infra/resource_graph_queries.go:312.2,314.29 3 0
shellbox/internal/infra/resource_graph_queries.go:318.47,321.2 2 0
shellbox/internal/infra/resource_graph_queries.go:324.46,325.66 1 0
shellbox/internal/infra/resource_graph_queries.go:325.66,326.71 1 0
shellbox/internal/infra/resource_graph_queries.go:326.71,328.4 1 0
shellbox/internal/infra/resource_graph_queries.go:330.2,330.69 1 0
shellbox/internal/infra/resource_graph_queries.go:330.69,331.73 1 0
shellbox/internal/infra/resource_graph_queries.go:331.73,333.4 1 0
shellbox/internal/infra/resource_graph_queries.go:338.48,339.66 1 0
shellbox/internal/infra/resource_graph_queries.go:339.66,341.3 1 0
shellbox/internal/infra/resource_graph_queries.go:342.2,342.60 1 0
shellbox/internal/infra/resource_graph_queries.go:342.60,344.3 1 0
shellbox/internal/infra/resource_graph_queries.go:348.87,350.58 1 0
shellbox/internal/infra/resource_graph_queries.go:350.58,351.56 1 0
shellbox/internal/infra/resource_graph_queries.go:351.56,352.74 1 0
shellbox/internal/infra/resource_graph_queries.go:352.74,354.5 1 0
shellbox/internal/infra/resource_graph_queries.go:42.123,48.2 1 0
shellbox/internal/infra/resource_graph_queries.go:86.102,95.2 2 0
shellbox/internal/infra/resource_graph_queries.go:98.100,107.2 2 0
shellbox/internal/infra/resource_naming.go:102.68,104.2 1 1
shellbox/internal/infra/resource_naming.go:107.59,109.2 1 1
shellbox/internal/infra/resource_naming.go:112.52,115.2 2 1
shellbox/internal/infra/resource_naming.go:118.60,121.2 2 1
shellbox/internal/infra/resource_naming.go:125.54,127.32 2 1
shellbox/internal/infra/resource_naming.go:127.32,128.99 1 1
shellbox/internal/infra/resource_naming.go:128.99,130.4 1 1
shellbox/internal/infra/resource_naming.go:13.48,15.2 1 1
shellbox/internal/infra/resource_naming.go:132.2,132.20 1 1
shellbox/internal/infra/resource_naming.go:17.43,19.2 1 1
shellbox/internal/infra/resource_naming.go:21.52,23.2 1 1
shellbox/internal/infra/resource_naming.go:25.50,27.2 1 1
shellbox/internal/infra/resource_naming.go:29.49,31.2 1 1
shellbox/internal/infra/resource_naming.go:33.57,35.2 1 1
shellbox/internal/infra/resource_naming.go:37.48,39.2 1 1
shellbox/internal/infra/resource_naming.go:41.56,43.2 1 1
shellbox/internal/infra/resource_naming.go:45.54,47.2 1 1
shellbox/internal/infra/resource_naming.go:49.62,50.20 1 1
shellbox/internal/infra/resource_naming.go:50.20,52.3 1 1
shellbox/internal/infra/resource_naming.go:53.2,53.46 1 0
shellbox/internal/infra/resource_naming.go:56.49,58.2 1 1
shellbox/internal/infra/resource_naming.go:60.57,62.2 1 1
shellbox/internal/infra/resource_naming.go:64.54,66.2 1 1
shellbox/internal/infra/resource_naming.go:68.52,70.2 1 1
shellbox/internal/infra/resource_naming.go:72.60,74.2 1 1
shellbox/internal/infra/resource_naming.go:76.53,80.32 2 0
shellbox/internal/infra/resource_naming.go:76.53,80.32 2 1
shellbox/internal/infra/resource_naming.go:80.32,81.67 1 0
shellbox/internal/infra/resource_naming.go:80.32,81.67 1 1
shellbox/internal/infra/resource_naming.go:81.67,83.4 1 0
shellbox/internal/infra/resource_naming.go:81.67,83.4 1 1
shellbox/internal/infra/resource_naming.go:86.2,88.37 3 0
shellbox/internal/infra/resource_naming.go:86.2,88.37 3 1
shellbox/internal/infra/resource_naming.go:88.37,90.3 1 0
shellbox/internal/infra/resource_naming.go:9.53,11.2 1 1
shellbox/internal/infra/resource_naming.go:91.2,91.49 1 0
shellbox/internal/infra/resource_naming.go:91.2,91.49 1 1
shellbox/internal/infra/resource_naming.go:94.53,96.2 1 0
shellbox/internal/infra/resource_naming.go:94.53,96.2 1 1
shellbox/internal/infra/resource_naming.go:98.62,100.2 1 0
shellbox/internal/infra/resource_naming.go:98.62,100.2 1 1
shellbox/internal/infra/retry.go:11.156,20.6 6 1
shellbox/internal/infra/retry.go:20.6,21.10 1 1
shellbox/internal/infra/retry.go:22.21,23.22 1 0
shellbox/internal/infra/retry.go:22.21,23.22 1 1
shellbox/internal/infra/retry.go:23.22,25.5 1 0
shellbox/internal/infra/retry.go:23.22,25.5 1 1
shellbox/internal/infra/retry.go:26.4,26.62 1 0
shellbox/internal/infra/retry.go:27.19,29.18 2 1
shellbox/internal/infra/retry.go:29.18,32.5 2 1
shellbox/internal/infra/retry.go:33.4,34.77 2 0
shellbox/internal/infra/retry.go:33.4,34.77 2 1
shellbox/internal/infra/tables.go:100.151,104.61 2 0
shellbox/internal/infra/tables.go:100.151,104.61 2 1
shellbox/internal/infra/tables.go:104.61,108.3 3 0
shellbox/internal/infra/tables.go:104.61,108.3 3 1
shellbox/internal/infra/tables.go:109.16,111.3 1 0
shellbox/internal/infra/tables.go:109.2,109.16 1 0
shellbox/internal/infra/tables.go:109.2,109.16 1 1
shellbox/internal/infra/tables.go:113.2,113.33 1 0
shellbox/internal/infra/tables.go:113.2,113.33 1 1
shellbox/internal/infra/tables.go:113.33,115.3 1 0
shellbox/internal/infra/tables.go:117.2,118.138 2 0
shellbox/internal/infra/tables.go:117.2,118.138 2 1
shellbox/internal/infra/tables.go:122.92,124.16 2 0
shellbox/internal/infra/tables.go:122.92,124.16 2 1
shellbox/internal/infra/tables.go:124.16,126.3 1 0
shellbox/internal/infra/tables.go:129.2,129.26 1 0
shellbox/internal/infra/tables.go:129.2,129.26 1 1
shellbox/internal/infra/tables.go:129.26,131.3 1 0
shellbox/internal/infra/tables.go:133.2,133.39 1 0
shellbox/internal/infra/tables.go:133.2,133.39 1 1
shellbox/internal/infra/tables.go:133.39,135.17 2 0
shellbox/internal/infra/tables.go:133.39,135.17 2 1
shellbox/internal/infra/tables.go:135.17,138.106 2 0
shellbox/internal/infra/tables.go:135.17,138.106 2 1
shellbox/internal/infra/tables.go:138.106,139.13 1 0
shellbox/internal/infra/tables.go:138.106,139.13 1 1
shellbox/internal/infra/tables.go:141.4,141.70 1 0
shellbox/internal/infra/tables.go:145.2,145.12 1 0
shellbox/internal/infra/tables.go:145.2,145.12 1 1
shellbox/internal/infra/tables.go:149.123,151.2 1 0
shellbox/internal/infra/tables.go:178.111,179.32 1 0
shellbox/internal/infra/tables.go:178.111,179.32 1 1
shellbox/internal/infra/tables.go:179.32,181.3 1 0
shellbox/internal/infra/tables.go:179.32,181.3 1 1
shellbox/internal/infra/tables.go:183.2,185.16 3 0
shellbox/internal/infra/tables.go:183.2,185.16 3 1
shellbox/internal/infra/tables.go:185.16,187.3 1 0
shellbox/internal/infra/tables.go:188.2,189.12 2 0
shellbox/internal/infra/tables.go:188.2,189.12 2 1
shellbox/internal/infra/tables.go:193.92,197.2 3 0
shellbox/internal/infra/tables.go:193.92,197.2 3 1
shellbox/internal/infra/tables.go:200.111,204.2 3 0
shellbox/internal/infra/tables.go:200.111,204.2 3 1
shellbox/internal/infra/tables.go:207.98,209.2 1 0
shellbox/internal/infra/tables.go:212.117,214.2 1 0
shellbox/internal/infra/tables.go:217.89,218.32 1 0
shellbox/internal/infra/tables.go:217.89,218.32 1 1
shellbox/internal/infra/tables.go:218.32,220.3 1 0
shellbox/internal/infra/tables.go:222.2,225.39 3 0
shellbox/internal/infra/tables.go:222.2,225.39 3 1
shellbox/internal/infra/tables.go:225.39,227.17 2 0
shellbox/internal/infra/tables.go:225.39,227.17 2 1
shellbox/internal/infra/tables.go:227.17,230.4 1 0
shellbox/internal/infra/tables.go:23.138,27.16 3 0
shellbox/internal/infra/tables.go:23.138,27.16 3 1
shellbox/internal/infra/tables.go:233.2,233.12 1 0
shellbox/internal/infra/tables.go:233.2,233.12 1 1
shellbox/internal/infra/tables.go:27.16,30.3 2 0
shellbox/internal/infra/tables.go:33.111,36.3 2 0
shellbox/internal/infra/tables.go:33.111,36.3 2 1
shellbox/internal/infra/tables.go:33.2,33.111 1 0
shellbox/internal/infra/tables.go:33.2,33.111 1 1
shellbox/internal/infra/tables.go:39.2,40.16 2 0
shellbox/internal/infra/tables.go:39.2,40.16 2 1
shellbox/internal/infra/tables.go:40.16,43.3 2 0
shellbox/internal/infra/tables.go:44.2,47.72 2 0
shellbox/internal/infra/tables.go:44.2,47.72 2 1
shellbox/internal/infra/tables.go:47.72,50.3 2 0
shellbox/internal/infra/tables.go:52.2,52.15 1 0
shellbox/internal/infra/tables.go:52.2,52.15 1 1
shellbox/internal/infra/tables.go:56.141,59.16 2 0
shellbox/internal/infra/tables.go:56.141,59.16 2 1
shellbox/internal/infra/tables.go:59.16,61.3 1 0
shellbox/internal/infra/tables.go:59.16,61.3 1 1
shellbox/internal/infra/tables.go:64.2,68.16 2 0
shellbox/internal/infra/tables.go:64.2,68.16 2 1
shellbox/internal/infra/tables.go:68.16,70.3 1 0
shellbox/internal/infra/tables.go:72.2,72.39 1 0
shellbox/internal/infra/tables.go:72.2,72.39 1 1
shellbox/internal/infra/tables.go:72.39,74.3 1 0
shellbox/internal/infra/tables.go:72.39,74.3 1 1
shellbox/internal/infra/tables.go:77.2,87.16 2 0
shellbox/internal/infra/tables.go:87.16,89.3 1 0
shellbox/internal/infra/tables.go:91.2,92.16 2 0
shellbox/internal/infra/tables.go:92.16,94.3 1 0
shellbox/internal/infra/tables.go:96.2,96.12 1 0
shellbox/internal/infra/volumes.go:103.2,104.16 2 0
shellbox/internal/infra/volumes.go:103.2,104.16 2 1
shellbox/internal/infra/volumes.go:104.16,106.3 1 0
shellbox/internal/infra/volumes.go:108.2,115.8 1 0
shellbox/internal/infra/volumes.go:108.2,115.8 1 1
shellbox/internal/infra/volumes.go:121.163,123.25 2 0
shellbox/internal/infra/volumes.go:123.25,125.3 1 0
shellbox/internal/infra/volumes.go:126.2,126.26 1 0
shellbox/internal/infra/volumes.go:126.26,128.3 1 0
shellbox/internal/infra/volumes.go:129.2,129.25 1 0
shellbox/internal/infra/volumes.go:129.25,131.3 1 0
shellbox/internal/infra/volumes.go:133.2,151.16 5 0
shellbox/internal/infra/volumes.go:151.16,153.3 1 0
shellbox/internal/infra/volumes.go:155.2,156.16 2 0
shellbox/internal/infra/volumes.go:156.16,158.3 1 0
shellbox/internal/infra/volumes.go:160.2,167.8 1 0
shellbox/internal/infra/volumes.go:173.107,174.22 1 0
shellbox/internal/infra/volumes.go:173.107,174.22 1 1
shellbox/internal/infra/volumes.go:174.22,177.3 2 0
shellbox/internal/infra/volumes.go:174.22,177.3 2 1
shellbox/internal/infra/volumes.go:179.2,186.16 4 0
shellbox/internal/infra/volumes.go:179.2,186.16 4 1
shellbox/internal/infra/volumes.go:186.16,188.3 1 0
shellbox/internal/infra/volumes.go:190.2,191.16 2 0
shellbox/internal/infra/volumes.go:190.2,191.16 2 1
shellbox/internal/infra/volumes.go:191.16,193.3 1 0
shellbox/internal/infra/volumes.go:195.2,196.12 2 0
shellbox/internal/infra/volumes.go:195.2,196.12 2 1
shellbox/internal/infra/volumes.go:202.136,206.19 3 0
shellbox/internal/infra/volumes.go:202.136,206.19 3 1
shellbox/internal/infra/volumes.go:206.19,208.17 2 0
shellbox/internal/infra/volumes.go:206.19,208.17 2 1
shellbox/internal/infra/volumes.go:208.17,210.4 1 0
shellbox/internal/infra/volumes.go:208.17,210.4 1 1
shellbox/internal/infra/volumes.go:212.3,212.35 1 0
shellbox/internal/infra/volumes.go:212.3,212.35 1 1
shellbox/internal/infra/volumes.go:212.35,213.24 1 0
shellbox/internal/infra/volumes.go:212.35,213.24 1 1
shellbox/internal/infra/volumes.go:213.24,214.77 1 0
shellbox/internal/infra/volumes.go:213.24,214.77 1 1
shellbox/internal/infra/volumes.go:214.77,216.69 1 0
shellbox/internal/infra/volumes.go:214.77,216.69 1 1
shellbox/internal/infra/volumes.go:216.69,217.15 1 0
shellbox/internal/infra/volumes.go:219.6,219.43 1 0
shellbox/internal/infra/volumes.go:219.6,219.43 1 1
shellbox/internal/infra/volumes.go:225.2,225.21 1 0
shellbox/internal/infra/volumes.go:225.2,225.21 1 1
shellbox/internal/infra/volumes.go:229.58,237.2 1 0
shellbox/internal/infra/volumes.go:229.58,237.2 1 1
shellbox/internal/infra/volumes.go:240.100,246.16 4 0
shellbox/internal/infra/volumes.go:240.100,246.16 4 1
shellbox/internal/infra/volumes.go:246.16,248.3 1 0
shellbox/internal/infra/volumes.go:246.16,248.3 1 1
shellbox/internal/infra/volumes.go:251.2,251.24 1 0
shellbox/internal/infra/volumes.go:251.2,251.24 1 1
shellbox/internal/infra/volumes.go:251.24,253.3 1 0
shellbox/internal/infra/volumes.go:254.2,259.16 4 0
shellbox/internal/infra/volumes.go:254.2,259.16 4 1
shellbox/internal/infra/volumes.go:259.16,261.3 1 0
shellbox/internal/infra/volumes.go:263.2,264.16 2 0
shellbox/internal/infra/volumes.go:263.2,264.16 2 1
shellbox/internal/infra/volumes.go:264.16,266.3 1 0
shellbox/internal/infra/volumes.go:268.2,268.12 1 0
shellbox/internal/infra/volumes.go:268.2,268.12 1 1
shellbox/internal/infra/volumes.go:44.101,59.16 7 0
shellbox/internal/infra/volumes.go:44.101,59.16 7 1
shellbox/internal/infra/volumes.go:59.16,61.3 1 0
shellbox/internal/infra/volumes.go:63.2,63.22 1 0
shellbox/internal/infra/volumes.go:63.2,63.22 1 1
shellbox/internal/infra/volumes.go:69.161,71.25 2 0
shellbox/internal/infra/volumes.go:69.161,71.25 2 1
shellbox/internal/infra/volumes.go:71.25,73.3 1 0
shellbox/internal/infra/volumes.go:74.2,74.26 1 0
shellbox/internal/infra/volumes.go:74.2,74.26 1 1
shellbox/internal/infra/volumes.go:74.26,76.3 1 0
shellbox/internal/infra/volumes.go:74.26,76.3 1 1
shellbox/internal/infra/volumes.go:77.2,77.25 1 0
shellbox/internal/infra/volumes.go:77.2,77.25 1 1
shellbox/internal/infra/volumes.go:77.25,79.3 1 0
shellbox/internal/infra/volumes.go:77.25,79.3 1 1
shellbox/internal/infra/volumes.go:81.2,99.16 5 0
shellbox/internal/infra/volumes.go:81.2,99.16 5 1
shellbox/internal/infra/volumes.go:99.16,101.3 1 0
shellbox/internal/sshutil/ssh.go:19.76,24.24 3 0
shellbox/internal/sshutil/ssh.go:19.76,24.24 3 1
shellbox/internal/sshutil/ssh.go:24.24,27.17 2 0
shellbox/internal/sshutil/ssh.go:27.17,29.4 1 0
shellbox/internal/sshutil/ssh.go:32.3,39.79 3 0
shellbox/internal/sshutil/ssh.go:39.79,41.4 1 0
shellbox/internal/sshutil/ssh.go:43.3,43.35 1 0
shellbox/internal/sshutil/ssh.go:44.23,46.3 1 0
shellbox/internal/sshutil/ssh.go:44.8,44.23 1 0
shellbox/internal/sshutil/ssh.go:44.8,44.23 1 1
shellbox/internal/sshutil/ssh.go:49.2,50.18 2 0
shellbox/internal/sshutil/ssh.go:49.2,50.18 2 1
shellbox/internal/sshutil/ssh.go:50.18,52.3 1 0
shellbox/internal/sshutil/ssh.go:54.2,59.21 4 0
shellbox/internal/sshutil/ssh.go:54.2,59.21 4 1
shellbox/internal/sshutil/ssh.go:59.21,61.3 1 0
shellbox/internal/sshutil/ssh.go:63.2,66.35 3 0
shellbox/internal/sshutil/ssh.go:63.2,66.35 3 1
shellbox/internal/sshutil/ssh.go:70.92,73.53 3 0
shellbox/internal/sshutil/ssh.go:73.53,75.3 1 0
shellbox/internal/sshutil/ssh.go:76.2,76.12 1 0
shellbox/internal/sshutil/ssh.go:80.84,86.53 2 0
shellbox/internal/sshutil/ssh.go:86.53,88.3 1 0
shellbox/internal/sshutil/ssh.go:89.2,89.12 1 0
shellbox/internal/test/config.go:104.2,112.17 3 1
shellbox/internal/test/config.go:112.17,115.3 2 0
shellbox/internal/test/config.go:117.2,117.15 1 1
shellbox/internal/test/config.go:121.60,123.18 1 1
shellbox/internal/test/config.go:124.22,125.27 1 0
shellbox/internal/test/config.go:125.27,127.4 1 0
shellbox/internal/test/config.go:128.20,129.22 1 0
shellbox/internal/test/config.go:129.22,131.4 1 0
shellbox/internal/test/config.go:132.19,133.21 1 0
shellbox/internal/test/config.go:133.21,135.4 1 0
shellbox/internal/test/config.go:139.2,139.39 1 1
shellbox/internal/test/config.go:139.39,140.26 1 1
shellbox/internal/test/config.go:140.26,142.4 1 1
shellbox/internal/test/config.go:145.2,145.14 1 0
shellbox/internal/test/config.go:149.33,159.2 1 0
shellbox/internal/test/config.go:149.33,159.2 1 1
shellbox/internal/test/config.go:162.34,167.2 1 0
shellbox/internal/test/config.go:170.34,177.2 1 0
shellbox/internal/test/config.go:180.55,181.28 1 1
shellbox/internal/test/config.go:181.28,183.3 1 0
shellbox/internal/test/config.go:184.2,184.29 1 1
shellbox/internal/test/config.go:184.29,186.3 1 0
shellbox/internal/test/config.go:187.2,187.29 1 1
shellbox/internal/test/config.go:187.29,189.3 1 0
shellbox/internal/test/config.go:191.2,192.56 2 1
shellbox/internal/test/config.go:192.56,194.16 2 1
shellbox/internal/test/config.go:194.16,196.4 1 1
shellbox/internal/test/config.go:198.2,198.19 1 1
shellbox/internal/test/config.go:202.50,203.13 1 1
shellbox/internal/test/config.go:203.13,205.3 1 1
shellbox/internal/test/config.go:206.2,207.16 2 0
shellbox/internal/test/config.go:207.16,209.3 1 0
shellbox/internal/test/config.go:210.2,210.12 1 0
shellbox/internal/test/config.go:214.60,215.18 1 0
shellbox/internal/test/config.go:216.20,217.26 1 0
shellbox/internal/test/config.go:218.22,219.25 1 0
shellbox/internal/test/config.go:220.27,221.26 1 0
shellbox/internal/test/config.go:222.23,223.26 1 0
shellbox/internal/test/config.go:224.22,225.26 1 0
shellbox/internal/test/config.go:226.20,227.26 1 0
shellbox/internal/test/config.go:228.19,229.26 1 0
shellbox/internal/test/config.go:230.10,231.25 1 0
shellbox/internal/test/config.go:48.30,62.2 1 1
shellbox/internal/test/config.go:65.27,69.66 2 1
shellbox/internal/test/config.go:69.66,71.3 1 1
shellbox/internal/test/config.go:74.2,79.69 4 1
shellbox/internal/test/config.go:79.69,81.3 1 0
shellbox/internal/test/config.go:82.2,82.60 1 1
shellbox/internal/test/config.go:82.60,84.3 1 0
shellbox/internal/test/config.go:85.2,85.65 1 1
shellbox/internal/test/config.go:85.65,86.56 1 0
shellbox/internal/test/config.go:86.56,88.4 1 0
shellbox/internal/test/config.go:92.2,92.60 1 1
shellbox/internal/test/config.go:92.60,93.48 1 0
shellbox/internal/test/config.go:93.48,95.4 1 0
shellbox/internal/test/config.go:97.2,97.57 1 1
shellbox/internal/test/config.go:97.57,98.56 1 0
shellbox/internal/test/config.go:98.56,100.4 1 0
shellbox/internal/test/golden_utils.go:100.16,102.3 1 0
shellbox/internal/test/golden_utils.go:104.2,105.12 2 0
shellbox/internal/test/golden_utils.go:120.122,145.16 6 0
shellbox/internal/test/golden_utils.go:145.16,147.3 1 0
shellbox/internal/test/golden_utils.go:149.2,150.16 2 0
shellbox/internal/test/golden_utils.go:150.16,152.3 1 0
shellbox/internal/test/golden_utils.go:155.2,156.16 2 0
shellbox/internal/test/golden_utils.go:156.16,158.3 1 0
shellbox/internal/test/golden_utils.go:160.2,167.8 1 0
shellbox/internal/test/golden_utils.go:171.148,192.16 4 0
shellbox/internal/test/golden_utils.go:192.16,194.3 1 0
shellbox/internal/test/golden_utils.go:196.2,197.16 2 0
shellbox/internal/test/golden_utils.go:197.16,199.3 1 0
shellbox/internal/test/golden_utils.go:201.2,208.8 1 0
shellbox/internal/test/golden_utils.go:212.170,230.16 3 0
shellbox/internal/test/golden_utils.go:230.16,232.3 1 0
shellbox/internal/test/golden_utils.go:234.2,235.16 2 0
shellbox/internal/test/golden_utils.go:235.16,237.3 1 0
shellbox/internal/test/golden_utils.go:239.2,246.8 1 0
shellbox/internal/test/golden_utils.go:250.100,253.34 2 0
shellbox/internal/test/golden_utils.go:253.34,254.10 1 0
shellbox/internal/test/golden_utils.go:255.21,256.20 1 0
shellbox/internal/test/golden_utils.go:257.11,257.11 0 0
shellbox/internal/test/golden_utils.go:261.3,269.35 2 0
shellbox/internal/test/golden_utils.go:269.35,271.4 1 0
shellbox/internal/test/golden_utils.go:274.3,274.31 1 0
shellbox/internal/test/golden_utils.go:277.2,277.73 1 0
shellbox/internal/test/golden_utils.go:281.97,289.37 2 0
shellbox/internal/test/golden_utils.go:289.37,291.3 1 0
shellbox/internal/test/golden_utils.go:293.2,293.12 1 0
shellbox/internal/test/golden_utils.go:297.117,306.16 3 0
shellbox/internal/test/golden_utils.go:306.16,308.3 1 0
shellbox/internal/test/golden_utils.go:310.2,310.28 1 0
shellbox/internal/test/golden_utils.go:314.53,317.44 2 0
shellbox/internal/test/golden_utils.go:317.44,320.3 2 0
shellbox/internal/test/golden_utils.go:323.2,324.45 2 0
shellbox/internal/test/golden_utils.go:328.134,335.16 4 0
shellbox/internal/test/golden_utils.go:335.16,337.3 1 0
shellbox/internal/test/golden_utils.go:34.94,44.2 3 0
shellbox/internal/test/golden_utils.go:340.2,342.16 3 0
shellbox/internal/test/golden_utils.go:342.16,344.3 1 0
shellbox/internal/test/golden_utils.go:347.2,348.16 2 0
shellbox/internal/test/golden_utils.go:348.16,350.3 1 0
shellbox/internal/test/golden_utils.go:353.2,404.16 3 0
shellbox/internal/test/golden_utils.go:404.16,406.3 1 0
shellbox/internal/test/golden_utils.go:408.2,409.16 2 0
shellbox/internal/test/golden_utils.go:409.16,411.3 1 0
shellbox/internal/test/golden_utils.go:413.2,419.8 1 0
shellbox/internal/test/golden_utils.go:432.64,440.2 1 0
shellbox/internal/test/golden_utils.go:443.129,470.16 3 0
shellbox/internal/test/golden_utils.go:47.56,49.16 2 0
shellbox/internal/test/golden_utils.go:470.16,472.3 1 0
shellbox/internal/test/golden_utils.go:474.2,475.16 2 0
shellbox/internal/test/golden_utils.go:475.16,477.3 1 0
shellbox/internal/test/golden_utils.go:479.2,479.35 1 0
shellbox/internal/test/golden_utils.go:483.140,509.16 3 0
shellbox/internal/test/golden_utils.go:49.16,51.3 1 0
shellbox/internal/test/golden_utils.go:509.16,511.3 1 0
shellbox/internal/test/golden_utils.go:513.2,514.16 2 0
shellbox/internal/test/golden_utils.go:514.16,516.3 1 0
shellbox/internal/test/golden_utils.go:518.2,518.31 1 0
shellbox/internal/test/golden_utils.go:52.2,52.29 1 0
shellbox/internal/test/golden_utils.go:522.68,545.2 1 0
shellbox/internal/test/golden_utils.go:548.60,550.2 1 0
shellbox/internal/test/golden_utils.go:553.89,576.2 1 0
shellbox/internal/test/golden_utils.go:56.45,66.16 3 0
shellbox/internal/test/golden_utils.go:584.71,588.2 1 0
shellbox/internal/test/golden_utils.go:591.92,599.41 4 0
shellbox/internal/test/golden_utils.go:599.41,601.3 1 0
shellbox/internal/test/golden_utils.go:604.2,604.59 1 0
shellbox/internal/test/golden_utils.go:604.59,606.3 1 0
shellbox/internal/test/golden_utils.go:608.2,608.12 1 0
shellbox/internal/test/golden_utils.go:612.101,615.40 2 0
shellbox/internal/test/golden_utils.go:615.40,617.3 1 0
shellbox/internal/test/golden_utils.go:619.2,619.12 1 0
shellbox/internal/test/golden_utils.go:623.80,626.22 2 0
shellbox/internal/test/golden_utils.go:626.22,628.3 1 0
shellbox/internal/test/golden_utils.go:630.2,630.12 1 0
shellbox/internal/test/golden_utils.go:634.116,641.29 5 0
shellbox/internal/test/golden_utils.go:641.29,642.51 1 0
shellbox/internal/test/golden_utils.go:642.51,644.9 2 0
shellbox/internal/test/golden_utils.go:649.2,650.16 2 0
shellbox/internal/test/golden_utils.go:650.16,652.3 1 0
shellbox/internal/test/golden_utils.go:655.2,656.62 2 0
shellbox/internal/test/golden_utils.go:656.62,657.96 1 0
shellbox/internal/test/golden_utils.go:657.96,659.4 1 0
shellbox/internal/test/golden_utils.go:66.16,68.3 1 0
shellbox/internal/test/golden_utils.go:663.2,666.16 3 0
shellbox/internal/test/golden_utils.go:666.16,668.3 1 0
shellbox/internal/test/golden_utils.go:670.2,671.16 2 0
shellbox/internal/test/golden_utils.go:671.16,673.3 1 0
shellbox/internal/test/golden_utils.go:675.2,675.12 1 0
shellbox/internal/test/golden_utils.go:71.2,75.49 4 0
shellbox/internal/test/golden_utils.go:79.88,85.16 3 0
shellbox/internal/test/golden_utils.go:85.16,88.3 2 0
shellbox/internal/test/golden_utils.go:91.2,100.16 3 0
shellbox/internal/test/setup.go:110.56,116.16 4 0
shellbox/internal/test/setup.go:110.56,116.16 4 1
shellbox/internal/test/setup.go:116.16,120.3 2 0
shellbox/internal/test/setup.go:116.16,120.3 2 1
shellbox/internal/test/setup.go:123.2,134.16 3 0
shellbox/internal/test/setup.go:134.16,136.3 1 0
shellbox/internal/test/setup.go:138.2,140.12 2 0
shellbox/internal/test/setup.go:144.59,146.2 1 0
shellbox/internal/test/setup.go:144.59,146.2 1 1
shellbox/internal/test/setup.go:149.34,150.39 1 0
shellbox/internal/test/setup.go:149.34,150.39 1 1
shellbox/internal/test/setup.go:150.39,152.3 1 0
shellbox/internal/test/setup.go:150.39,152.3 1 1
shellbox/internal/test/setup.go:153.2,165.35 5 0
shellbox/internal/test/setup.go:153.2,165.35 5 1
shellbox/internal/test/setup.go:165.35,169.77 3 0
shellbox/internal/test/setup.go:165.35,169.77 3 1
shellbox/internal/test/setup.go:169.77,171.4 1 0
shellbox/internal/test/setup.go:171.9,173.4 1 0
shellbox/internal/test/setup.go:171.9,173.4 1 1
shellbox/internal/test/setup.go:178.2,178.34 1 0
shellbox/internal/test/setup.go:178.2,178.34 1 1
shellbox/internal/test/setup.go:178.34,187.52 2 0
shellbox/internal/test/setup.go:178.34,187.52 2 1
shellbox/internal/test/setup.go:187.52,189.4 1 0
shellbox/internal/test/setup.go:187.52,189.4 1 1
shellbox/internal/test/setup.go:191.3,193.40 1 0
shellbox/internal/test/setup.go:191.3,193.40 1 1
shellbox/internal/test/setup.go:194.8,196.3 1 0
shellbox/internal/test/setup.go:194.8,196.3 1 1
shellbox/internal/test/setup.go:200.120,201.65 1 0
shellbox/internal/test/setup.go:200.120,201.65 1 1
shellbox/internal/test/setup.go:201.65,203.17 2 0
shellbox/internal/test/setup.go:201.65,203.17 2 1
shellbox/internal/test/setup.go:203.17,205.4 1 0
shellbox/internal/test/setup.go:206.13,208.4 1 0
shellbox/internal/test/setup.go:206.3,206.13 1 0
shellbox/internal/test/setup.go:206.3,206.13 1 1
shellbox/internal/test/setup.go:209.3,209.13 1 0
shellbox/internal/test/setup.go:209.3,209.13 1 1
shellbox/internal/test/setup.go:214.64,216.2 1 0
shellbox/internal/test/setup.go:214.64,216.2 1 1
shellbox/internal/test/setup.go:219.76,220.23 1 0
shellbox/internal/test/setup.go:219.76,220.23 1 1
shellbox/internal/test/setup.go:220.23,222.3 1 0
shellbox/internal/test/setup.go:224.2,228.19 3 0
shellbox/internal/test/setup.go:224.2,228.19 3 1
shellbox/internal/test/setup.go:228.19,230.17 2 0
shellbox/internal/test/setup.go:228.19,230.17 2 1
shellbox/internal/test/setup.go:230.17,232.4 1 0
shellbox/internal/test/setup.go:234.3,234.35 1 0
shellbox/internal/test/setup.go:234.3,234.35 1 1
shellbox/internal/test/setup.go:234.35,235.59 1 0
shellbox/internal/test/setup.go:234.35,235.59 1 1
shellbox/internal/test/setup.go:235.59,237.97 2 0
shellbox/internal/test/setup.go:235.59,237.97 2 1
shellbox/internal/test/setup.go:237.97,239.6 1 0
shellbox/internal/test/setup.go:246.2,246.12 1 0
shellbox/internal/test/setup.go:246.2,246.12 1 1
shellbox/internal/test/setup.go:250.68,253.2 2 0
shellbox/internal/test/setup.go:250.68,253.2 2 1
shellbox/internal/test/setup.go:256.54,260.43 2 0
shellbox/internal/test/setup.go:256.54,260.43 2 1
shellbox/internal/test/setup.go:260.43,261.43 1 0
shellbox/internal/test/setup.go:260.43,261.43 1 1
shellbox/internal/test/setup.go:261.43,263.4 1 0
shellbox/internal/test/setup.go:267.2,267.43 1 0
shellbox/internal/test/setup.go:267.2,267.43 1 1
shellbox/internal/test/setup.go:267.43,268.44 1 0
shellbox/internal/test/setup.go:267.43,268.44 1 1
shellbox/internal/test/setup.go:268.44,270.4 1 0
shellbox/internal/test/setup.go:268.44,270.4 1 1
shellbox/internal/test/setup.go:273.2,273.21 1 0
shellbox/internal/test/setup.go:277.38,283.2 1 0
shellbox/internal/test/setup.go:277.38,283.2 1 1
shellbox/internal/test/setup.go:286.36,287.43 1 0
shellbox/internal/test/setup.go:286.36,287.43 1 1
shellbox/internal/test/setup.go:287.43,288.35 1 0
shellbox/internal/test/setup.go:287.43,288.35 1 1
shellbox/internal/test/setup.go:288.35,290.4 1 0
shellbox/internal/test/setup.go:288.35,290.4 1 1
shellbox/internal/test/setup.go:292.2,292.11 1 0
shellbox/internal/test/setup.go:292.2,292.11 1 1
shellbox/internal/test/setup.go:296.55,300.41 3 0
shellbox/internal/test/setup.go:296.55,300.41 3 1
shellbox/internal/test/setup.go:300.41,302.3 1 0
shellbox/internal/test/setup.go:306.33,309.2 1 0
shellbox/internal/test/setup.go:31.73,40.41 4 0
shellbox/internal/test/setup.go:31.73,40.41 4 1
shellbox/internal/test/setup.go:312.78,319.2 4 0
shellbox/internal/test/setup.go:312.78,319.2 4 1
shellbox/internal/test/setup.go:40.41,42.3 1 0
shellbox/internal/test/setup.go:45.2,68.54 7 0
shellbox/internal/test/setup.go:45.2,68.54 7 1
shellbox/internal/test/setup.go:68.54,70.3 1 0
shellbox/internal/test/setup.go:73.19,75.3 1 0
shellbox/internal/test/setup.go:73.19,75.3 1 1
shellbox/internal/test/setup.go:73.2,73.19 1 0
shellbox/internal/test/setup.go:73.2,73.19 1 1
shellbox/internal/test/setup.go:77.2,83.12 2 0
shellbox/internal/test/setup.go:77.2,83.12 2 1
shellbox/internal/test/setup.go:87.61,107.2 7 1
